<?xml version="1.0" encoding="UTF-8"?>
<!-- Generated by org.testng.reporters.JUnitReportReporter -->
<testsuite skipped="0" hostname="Lenovo" name="com.project.TestClasses.HotelTest" tests="1" failures="0" timestamp="29 Apr 2020 09:08:10 GMT" time="23.145" errors="0">
  <testcase name="HotelSearch" time="23.145" classname="com.project.TestClasses.HotelTest"/>
</testsuite> <!-- com.project.TestClasses.HotelTest -->
