<?xml version="1.0" encoding="UTF-8"?>
<!-- Generated by org.testng.reporters.JUnitReportReporter -->
<testsuite skipped="0" hostname="Lenovo" name="com.project.TestClasses.FlightTest" tests="1" failures="0" timestamp="03 May 2020 08:45:08 GMT" time="48.384" errors="0">
  <testcase name="FlightSearch1" time="48.384" classname="com.project.TestClasses.FlightTest"/>
</testsuite> <!-- com.project.TestClasses.FlightTest -->
